[2026-02-20 19:19:31] laravel.EMERGENCY: Unable to create configured logger. Using emergency logger. {"exception":"[object] (Error(code: 0): Class \"Illuminate\\Support\\Collection\" not found at C:\\xampp\\htdocs\\TechnicalTest\\vendor\\laravel\\framework\\src\\Illuminate\\Support\\helpers.php:471)
[stacktrace]
#0 C:\\xampp\\htdocs\\TechnicalTest\\vendor\\laravel\\framework\\src\\Illuminate\\Log\\LogManager.php(216): collect(Array)
#1 C:\\xampp\\htdocs\\TechnicalTest\\vendor\\laravel\\framework\\src\\Illuminate\\Log\\LogManager.php(178): Illuminate\\Log\\LogManager->createStackDriver(Array)
#2 C:\\xampp\\htdocs\\TechnicalTest\\vendor\\laravel\\framework\\src\\Illuminate\\Log\\LogManager.php(102): Illuminate\\Log\\LogManager->resolve('stack')
#3 C:\\xampp\\htdocs\\TechnicalTest\\vendor\\laravel\\framework\\src\\Illuminate\\Log\\LogManager.php(90): Illuminate\\Log\\LogManager->get('stack')
#4 C:\\xampp\\htdocs\\TechnicalTest\\vendor\\laravel\\framework\\src\\Illuminate\\Log\\LogManager.php(500): Illuminate\\Log\\LogManager->driver()
#5 C:\\xampp\\htdocs\\TechnicalTest\\vendor\\laravel\\framework\\src\\Illuminate\\Foundation\\Exceptions\\Handler.php(118): Illuminate\\Log\\LogManager->error('During inherita...', Array)
#6 C:\\xampp\\htdocs\\TechnicalTest\\app\\Exceptions\\Handler.php(37): Illuminate\\Foundation\\Exceptions\\Handler->report(Object(Symfony\\Component\\Debug\\Exception\\FatalErrorException))
#7 C:\\xampp\\htdocs\\TechnicalTest\\vendor\\laravel\\framework\\src\\Illuminate\\Foundation\\Bootstrap\\HandleExceptions.php(92): App\\Exceptions\\Handler->report(Object(Symfony\\Component\\Debug\\Exception\\FatalErrorException))
#8 C:\\xampp\\htdocs\\TechnicalTest\\vendor\\laravel\\framework\\src\\Illuminate\\Foundation\\Bootstrap\\HandleExceptions.php(134): Illuminate\\Foundation\\Bootstrap\\HandleExceptions->handleException(Object(Symfony\\Component\\Debug\\Exception\\FatalErrorException))
#9 [internal function]: Illuminate\\Foundation\\Bootstrap\\HandleExceptions->handleShutdown()
#10 {main}
"} 
[2026-02-20 19:19:31] laravel.ERROR: During inheritance of ArrayAccess: Uncaught ErrorException: Return type of Illuminate\Support\Collection::offsetExists($key) should either be compatible with ArrayAccess::offsetExists(mixed $offset): bool, or the #[\ReturnTypeWillChange] attribute should be used to temporarily suppress the notice in C:\xampp\htdocs\TechnicalTest\vendor\laravel\framework\src\Illuminate\Support\Collection.php:2060
Stack trace:
#0 C:\xampp\htdocs\TechnicalTest\vendor\laravel\framework\src\Illuminate\Support\Collection.php(40): Illuminate\Foundation\Bootstrap\HandleExceptions->handleError(8192, 'Return type of ...', 'C:\\xampp\\htdocs...', 2060)
#1 C:\xampp\htdocs\TechnicalTest\vendor\composer\ClassLoader.php(576): include('C:\\xampp\\htdocs...')
#2 C:\xampp\htdocs\TechnicalTest\vendor\composer\ClassLoader.php(427): Composer\Autoload\{closure}('C:\\xampp\\htdocs...')
#3 C:\xampp\htdocs\TechnicalTest\vendor\laravel\framework\src\Illuminate\Support\helpers.php(471): Composer\Autoload\ClassLoader->loadClass('Illuminate\\Supp...')
#4 C:\xampp\htdocs\TechnicalTest\vendor\laravel\framework\src\Illuminate\Foundation\PackageManifest.php(123): collect(Array)
#5 C:\xampp\htdocs\TechnicalTest\vendor\laravel\framework\src\Illuminate\Foundation\PackageManifest.php(97): Illuminate\Foundation\PackageManifest->build()
#6 C:\xampp\htdocs\TechnicalTest\vendor\laravel\framework\src\Illuminate\Foundation\PackageManifest.php(80): Illuminate\Foundation\PackageManifest->getManifest()
#7 C:\xampp\htdocs\TechnicalTest\vendor\laravel\framework\src\Illuminate\Foundation\Bootstrap\RegisterFacades.php(26): Illuminate\Foundation\PackageManifest->aliases()
#8 C:\xampp\htdocs\TechnicalTest\vendor\laravel\framework\src\Illuminate\Foundation\Application.php(210): Illuminate\Foundation\Bootstrap\RegisterFacades->bootstrap(Object(Illuminate\Foundation\Application))
#9 C:\xampp\htdocs\TechnicalTest\vendor\laravel\framework\src\Illuminate\Foundation\Console\Kernel.php(322): Illuminate\Foundation\Application->bootstrapWith(Array)
#10 C:\xampp\htdocs\TechnicalTest\vendor\laravel\framework\src\Illuminate\Foundation\Console\Kernel.php(131): Illuminate\Foundation\Console\Kernel->bootstrap()
#11 C:\xampp\htdocs\TechnicalTest\artisan(37): Illuminate\Foundation\Console\Kernel->handle(Object(Symfony\Component\Console\Input\ArgvInput), Object(Symfony\Component\Console\Output\ConsoleOutput))
#12 {main} {"exception":"[object] (Symfony\\Component\\Debug\\Exception\\FatalErrorException(code: 1): During inheritance of ArrayAccess: Uncaught ErrorException: Return type of Illuminate\\Support\\Collection::offsetExists($key) should either be compatible with ArrayAccess::offsetExists(mixed $offset): bool, or the #[\\ReturnTypeWillChange] attribute should be used to temporarily suppress the notice in C:\\xampp\\htdocs\\TechnicalTest\\vendor\\laravel\\framework\\src\\Illuminate\\Support\\Collection.php:2060
Stack trace:
#0 C:\\xampp\\htdocs\\TechnicalTest\\vendor\\laravel\\framework\\src\\Illuminate\\Support\\Collection.php(40): Illuminate\\Foundation\\Bootstrap\\HandleExceptions->handleError(8192, 'Return type of ...', 'C:\\\\xampp\\\\htdocs...', 2060)
#1 C:\\xampp\\htdocs\\TechnicalTest\\vendor\\composer\\ClassLoader.php(576): include('C:\\\\xampp\\\\htdocs...')
#2 C:\\xampp\\htdocs\\TechnicalTest\\vendor\\composer\\ClassLoader.php(427): Composer\\Autoload\\{closure}('C:\\\\xampp\\\\htdocs...')
#3 C:\\xampp\\htdocs\\TechnicalTest\\vendor\\laravel\\framework\\src\\Illuminate\\Support\\helpers.php(471): Composer\\Autoload\\ClassLoader->loadClass('Illuminate\\\\Supp...')
#4 C:\\xampp\\htdocs\\TechnicalTest\\vendor\\laravel\\framework\\src\\Illuminate\\Foundation\\PackageManifest.php(123): collect(Array)
#5 C:\\xampp\\htdocs\\TechnicalTest\\vendor\\laravel\\framework\\src\\Illuminate\\Foundation\\PackageManifest.php(97): Illuminate\\Foundation\\PackageManifest->build()
#6 C:\\xampp\\htdocs\\TechnicalTest\\vendor\\laravel\\framework\\src\\Illuminate\\Foundation\\PackageManifest.php(80): Illuminate\\Foundation\\PackageManifest->getManifest()
#7 C:\\xampp\\htdocs\\TechnicalTest\\vendor\\laravel\\framework\\src\\Illuminate\\Foundation\\Bootstrap\\RegisterFacades.php(26): Illuminate\\Foundation\\PackageManifest->aliases()
#8 C:\\xampp\\htdocs\\TechnicalTest\\vendor\\laravel\\framework\\src\\Illuminate\\Foundation\\Application.php(210): Illuminate\\Foundation\\Bootstrap\\RegisterFacades->bootstrap(Object(Illuminate\\Foundation\\Application))
#9 C:\\xampp\\htdocs\\TechnicalTest\\vendor\\laravel\\framework\\src\\Illuminate\\Foundation\\Console\\Kernel.php(322): Illuminate\\Foundation\\Application->bootstrapWith(Array)
#10 C:\\xampp\\htdocs\\TechnicalTest\\vendor\\laravel\\framework\\src\\Illuminate\\Foundation\\Console\\Kernel.php(131): Illuminate\\Foundation\\Console\\Kernel->bootstrap()
#11 C:\\xampp\\htdocs\\TechnicalTest\\artisan(37): Illuminate\\Foundation\\Console\\Kernel->handle(Object(Symfony\\Component\\Console\\Input\\ArgvInput), Object(Symfony\\Component\\Console\\Output\\ConsoleOutput))
#12 {main} at C:\\xampp\\htdocs\\TechnicalTest\\vendor\\laravel\\framework\\src\\Illuminate\\Support\\Collection.php:40)
[stacktrace]
#0 {main}
"} 
[2026-02-20 19:19:33] laravel.EMERGENCY: Unable to create configured logger. Using emergency logger. {"exception":"[object] (Error(code: 0): Class \"Illuminate\\Support\\Collection\" not found at C:\\xampp\\htdocs\\TechnicalTest\\vendor\\laravel\\framework\\src\\Illuminate\\Support\\helpers.php:471)
[stacktrace]
#0 C:\\xampp\\htdocs\\TechnicalTest\\vendor\\laravel\\framework\\src\\Illuminate\\Log\\LogManager.php(216): collect(Array)
#1 C:\\xampp\\htdocs\\TechnicalTest\\vendor\\laravel\\framework\\src\\Illuminate\\Log\\LogManager.php(178): Illuminate\\Log\\LogManager->createStackDriver(Array)
#2 C:\\xampp\\htdocs\\TechnicalTest\\vendor\\laravel\\framework\\src\\Illuminate\\Log\\LogManager.php(102): Illuminate\\Log\\LogManager->resolve('stack')
#3 C:\\xampp\\htdocs\\TechnicalTest\\vendor\\laravel\\framework\\src\\Illuminate\\Log\\LogManager.php(90): Illuminate\\Log\\LogManager->get('stack')
#4 C:\\xampp\\htdocs\\TechnicalTest\\vendor\\laravel\\framework\\src\\Illuminate\\Log\\LogManager.php(500): Illuminate\\Log\\LogManager->driver()
#5 C:\\xampp\\htdocs\\TechnicalTest\\vendor\\laravel\\framework\\src\\Illuminate\\Foundation\\Exceptions\\Handler.php(118): Illuminate\\Log\\LogManager->error('During inherita...', Array)
#6 C:\\xampp\\htdocs\\TechnicalTest\\app\\Exceptions\\Handler.php(37): Illuminate\\Foundation\\Exceptions\\Handler->report(Object(Symfony\\Component\\Debug\\Exception\\FatalErrorException))
#7 C:\\xampp\\htdocs\\TechnicalTest\\vendor\\laravel\\framework\\src\\Illuminate\\Foundation\\Bootstrap\\HandleExceptions.php(92): App\\Exceptions\\Handler->report(Object(Symfony\\Component\\Debug\\Exception\\FatalErrorException))
#8 C:\\xampp\\htdocs\\TechnicalTest\\vendor\\laravel\\framework\\src\\Illuminate\\Foundation\\Bootstrap\\HandleExceptions.php(134): Illuminate\\Foundation\\Bootstrap\\HandleExceptions->handleException(Object(Symfony\\Component\\Debug\\Exception\\FatalErrorException))
#9 [internal function]: Illuminate\\Foundation\\Bootstrap\\HandleExceptions->handleShutdown()
#10 {main}
"} 
[2026-02-20 19:19:33] laravel.ERROR: During inheritance of ArrayAccess: Uncaught ErrorException: Return type of Illuminate\Support\Collection::offsetExists($key) should either be compatible with ArrayAccess::offsetExists(mixed $offset): bool, or the #[\ReturnTypeWillChange] attribute should be used to temporarily suppress the notice in C:\xampp\htdocs\TechnicalTest\vendor\laravel\framework\src\Illuminate\Support\Collection.php:2060
Stack trace:
#0 C:\xampp\htdocs\TechnicalTest\vendor\laravel\framework\src\Illuminate\Support\Collection.php(40): Illuminate\Foundation\Bootstrap\HandleExceptions->handleError(8192, 'Return type of ...', 'C:\\xampp\\htdocs...', 2060)
#1 C:\xampp\htdocs\TechnicalTest\vendor\composer\ClassLoader.php(576): include('C:\\xampp\\htdocs...')
#2 C:\xampp\htdocs\TechnicalTest\vendor\composer\ClassLoader.php(427): Composer\Autoload\{closure}('C:\\xampp\\htdocs...')
#3 C:\xampp\htdocs\TechnicalTest\vendor\laravel\framework\src\Illuminate\Support\helpers.php(471): Composer\Autoload\ClassLoader->loadClass('Illuminate\\Supp...')
#4 C:\xampp\htdocs\TechnicalTest\vendor\laravel\framework\src\Illuminate\Foundation\PackageManifest.php(123): collect(Array)
#5 C:\xampp\htdocs\TechnicalTest\vendor\laravel\framework\src\Illuminate\Foundation\PackageManifest.php(97): Illuminate\Foundation\PackageManifest->build()
#6 C:\xampp\htdocs\TechnicalTest\vendor\laravel\framework\src\Illuminate\Foundation\PackageManifest.php(80): Illuminate\Foundation\PackageManifest->getManifest()
#7 C:\xampp\htdocs\TechnicalTest\vendor\laravel\framework\src\Illuminate\Foundation\Bootstrap\RegisterFacades.php(26): Illuminate\Foundation\PackageManifest->aliases()
#8 C:\xampp\htdocs\TechnicalTest\vendor\laravel\framework\src\Illuminate\Foundation\Application.php(210): Illuminate\Foundation\Bootstrap\RegisterFacades->bootstrap(Object(Illuminate\Foundation\Application))
#9 C:\xampp\htdocs\TechnicalTest\vendor\laravel\framework\src\Illuminate\Foundation\Console\Kernel.php(322): Illuminate\Foundation\Application->bootstrapWith(Array)
#10 C:\xampp\htdocs\TechnicalTest\vendor\laravel\framework\src\Illuminate\Foundation\Console\Kernel.php(131): Illuminate\Foundation\Console\Kernel->bootstrap()
#11 C:\xampp\htdocs\TechnicalTest\artisan(37): Illuminate\Foundation\Console\Kernel->handle(Object(Symfony\Component\Console\Input\ArgvInput), Object(Symfony\Component\Console\Output\ConsoleOutput))
#12 {main} {"exception":"[object] (Symfony\\Component\\Debug\\Exception\\FatalErrorException(code: 1): During inheritance of ArrayAccess: Uncaught ErrorException: Return type of Illuminate\\Support\\Collection::offsetExists($key) should either be compatible with ArrayAccess::offsetExists(mixed $offset): bool, or the #[\\ReturnTypeWillChange] attribute should be used to temporarily suppress the notice in C:\\xampp\\htdocs\\TechnicalTest\\vendor\\laravel\\framework\\src\\Illuminate\\Support\\Collection.php:2060
Stack trace:
#0 C:\\xampp\\htdocs\\TechnicalTest\\vendor\\laravel\\framework\\src\\Illuminate\\Support\\Collection.php(40): Illuminate\\Foundation\\Bootstrap\\HandleExceptions->handleError(8192, 'Return type of ...', 'C:\\\\xampp\\\\htdocs...', 2060)
#1 C:\\xampp\\htdocs\\TechnicalTest\\vendor\\composer\\ClassLoader.php(576): include('C:\\\\xampp\\\\htdocs...')
#2 C:\\xampp\\htdocs\\TechnicalTest\\vendor\\composer\\ClassLoader.php(427): Composer\\Autoload\\{closure}('C:\\\\xampp\\\\htdocs...')
#3 C:\\xampp\\htdocs\\TechnicalTest\\vendor\\laravel\\framework\\src\\Illuminate\\Support\\helpers.php(471): Composer\\Autoload\\ClassLoader->loadClass('Illuminate\\\\Supp...')
#4 C:\\xampp\\htdocs\\TechnicalTest\\vendor\\laravel\\framework\\src\\Illuminate\\Foundation\\PackageManifest.php(123): collect(Array)
#5 C:\\xampp\\htdocs\\TechnicalTest\\vendor\\laravel\\framework\\src\\Illuminate\\Foundation\\PackageManifest.php(97): Illuminate\\Foundation\\PackageManifest->build()
#6 C:\\xampp\\htdocs\\TechnicalTest\\vendor\\laravel\\framework\\src\\Illuminate\\Foundation\\PackageManifest.php(80): Illuminate\\Foundation\\PackageManifest->getManifest()
#7 C:\\xampp\\htdocs\\TechnicalTest\\vendor\\laravel\\framework\\src\\Illuminate\\Foundation\\Bootstrap\\RegisterFacades.php(26): Illuminate\\Foundation\\PackageManifest->aliases()
#8 C:\\xampp\\htdocs\\TechnicalTest\\vendor\\laravel\\framework\\src\\Illuminate\\Foundation\\Application.php(210): Illuminate\\Foundation\\Bootstrap\\RegisterFacades->bootstrap(Object(Illuminate\\Foundation\\Application))
#9 C:\\xampp\\htdocs\\TechnicalTest\\vendor\\laravel\\framework\\src\\Illuminate\\Foundation\\Console\\Kernel.php(322): Illuminate\\Foundation\\Application->bootstrapWith(Array)
#10 C:\\xampp\\htdocs\\TechnicalTest\\vendor\\laravel\\framework\\src\\Illuminate\\Foundation\\Console\\Kernel.php(131): Illuminate\\Foundation\\Console\\Kernel->bootstrap()
#11 C:\\xampp\\htdocs\\TechnicalTest\\artisan(37): Illuminate\\Foundation\\Console\\Kernel->handle(Object(Symfony\\Component\\Console\\Input\\ArgvInput), Object(Symfony\\Component\\Console\\Output\\ConsoleOutput))
#12 {main} at C:\\xampp\\htdocs\\TechnicalTest\\vendor\\laravel\\framework\\src\\Illuminate\\Support\\Collection.php:40)
[stacktrace]
#0 {main}
"} 
